<?xml version="1.0" encoding="UTF-8"?>
<Site BuildName="Linux-g++"
	BuildStamp="20230827-1215-Experimental"
	Name="untcm-virtual-machine"
	Generator="ctest-3.22.1"
	CompilerName="/usr/bin/g++"
	CompilerVersion="11.4.0"
	OSName="Linux"
	Hostname="untcm-virtual-machine"
	OSRelease="6.2.0-26-generic"
	OSVersion="#26~22.04.1-Ubuntu SMP PREEMPT_DYNAMIC Thu Jul 13 16:27:29 UTC 2"
	OSPlatform="x86_64"
	Is64Bits="1"
	VendorString="GenuineIntel"
	VendorID="Intel Corporation"
	FamilyID="6"
	ModelID="191"
	ProcessorCacheSize="24576"
	NumberOfLogicalCPU="4"
	NumberOfPhysicalCPU="4"
	TotalVirtualMemory="3897"
	TotalPhysicalMemory="3871"
	LogicalProcessorsPerPhysical="1"
	ProcessorClockFrequency="2495.97"
	>
	<Testing>
		<StartDateTime>Aug 28 04:19 CST</StartDateTime>
		<StartTestTime>1693167567</StartTestTime>
		<TestList/>
		<EndDateTime>Aug 28 04:19 CST</EndDateTime>
		<EndTestTime>1693167567</EndTestTime>
		<ElapsedMinutes>0</ElapsedMinutes>
	</Testing>
</Site>
